  [1m[35m (7.9ms)[0m  [1m[34mSELECT sqlite_version(*)[0m
  [1m[35m (0.0ms)[0m  [1m[34mSELECT sqlite_version(*)[0m
  [1m[35m (4.1ms)[0m  [1m[34mSELECT sqlite_version(*)[0m
  [1m[35m (7.0ms)[0m  [1m[35mCREATE TABLE "schema_migrations" ("version" varchar NOT NULL PRIMARY KEY)[0m
  [1m[35m (6.1ms)[0m  [1m[35mCREATE TABLE "ar_internal_metadata" ("key" varchar NOT NULL PRIMARY KEY, "value" varchar, "created_at" datetime(6) NOT NULL, "updated_at" datetime(6) NOT NULL)[0m
  [1m[35m (0.2ms)[0m  [1m[34mSELECT "schema_migrations"."version" FROM "schema_migrations" ORDER BY "schema_migrations"."version" ASC[0m
Migrating to CreateTrainers (20210216014047)
  [1m[35m (0.0ms)[0m  [1m[36mbegin transaction[0m
  [1m[35m (0.7ms)[0m  [1m[35mCREATE TABLE "trainers" ("id" integer PRIMARY KEY AUTOINCREMENT NOT NULL, "name" varchar, "created_at" datetime(6) NOT NULL, "updated_at" datetime(6) NOT NULL)[0m
  [1m[36mprimary::SchemaMigration Create (1.6ms)[0m  [1m[32mINSERT INTO "schema_migrations" ("version") VALUES (?)[0m  [["version", "20210216014047"]]
  [1m[35m (5.4ms)[0m  [1m[36mcommit transaction[0m
  [1m[36mActiveRecord::InternalMetadata Load (0.2ms)[0m  [1m[34mSELECT "ar_internal_metadata".* FROM "ar_internal_metadata" WHERE "ar_internal_metadata"."key" = ? LIMIT ?[0m  [["key", "environment"], ["LIMIT", 1]]
  [1m[35m (0.0ms)[0m  [1m[36mbegin transaction[0m
  [1m[36mActiveRecord::InternalMetadata Create (0.6ms)[0m  [1m[32mINSERT INTO "ar_internal_metadata" ("key", "value", "created_at", "updated_at") VALUES (?, ?, ?, ?)[0m  [["key", "environment"], ["value", "development"], ["created_at", "2021-02-16 01:46:48.608308"], ["updated_at", "2021-02-16 01:46:48.608308"]]
  [1m[35m (4.7ms)[0m  [1m[36mcommit transaction[0m
  [1m[35m (0.1ms)[0m  [1m[34mSELECT sqlite_version(*)[0m
  [1m[35m (0.1ms)[0m  [1m[34mSELECT "schema_migrations"."version" FROM "schema_migrations" ORDER BY "schema_migrations"."version" ASC[0m
  [1m[35m (10.6ms)[0m  [1m[34mSELECT sqlite_version(*)[0m
  [1m[35m (0.2ms)[0m  [1m[34mSELECT "schema_migrations"."version" FROM "schema_migrations" ORDER BY "schema_migrations"."version" ASC[0m
Migrating to CreatePokemons (20210216211912)
  [1m[35m (0.0ms)[0m  [1m[36mbegin transaction[0m
  [1m[35m (0.7ms)[0m  [1m[35mCREATE TABLE "pokemons" ("id" integer PRIMARY KEY AUTOINCREMENT NOT NULL, "species" varchar, "trainer_id" integer, "created_at" datetime(6) NOT NULL, "updated_at" datetime(6) NOT NULL)[0m
  [1m[35m (0.1ms)[0m  [1m[35mCREATE  INDEX "index_pokemons_on_trainer_id" ON "pokemons" ("trainer_id")[0m
  [1m[36mprimary::SchemaMigration Create (0.2ms)[0m  [1m[32mINSERT INTO "schema_migrations" ("version") VALUES (?)[0m  [["version", "20210216211912"]]
  [1m[35m (5.6ms)[0m  [1m[36mcommit transaction[0m
  [1m[36mActiveRecord::InternalMetadata Load (0.2ms)[0m  [1m[34mSELECT "ar_internal_metadata".* FROM "ar_internal_metadata" WHERE "ar_internal_metadata"."key" = ? LIMIT ?[0m  [["key", "environment"], ["LIMIT", 1]]
  [1m[35m (0.0ms)[0m  [1m[34mSELECT sqlite_version(*)[0m
  [1m[35m (0.1ms)[0m  [1m[34mSELECT "schema_migrations"."version" FROM "schema_migrations" ORDER BY "schema_migrations"."version" ASC[0m
Started GET "/rails/info/routes" for ::1 at 2021-02-16 15:37:23 -0600
  [1m[35m (0.5ms)[0m  [1m[34mSELECT sqlite_version(*)[0m
  [1m[35m (0.1ms)[0m  [1m[34mSELECT "schema_migrations"."version" FROM "schema_migrations" ORDER BY "schema_migrations"."version" ASC[0m
Processing by Rails::InfoController#routes as HTML
  Rendering /home/sransonette/.rvm/gems/ruby-2.6.1/gems/railties-6.0.3.5/lib/rails/templates/rails/info/routes.html.erb within layouts/application
  Rendered collection of /home/sransonette/.rvm/gems/ruby-2.6.1/gems/actionpack-6.0.3.5/lib/action_dispatch/middleware/templates/routes/_route.html.erb [30 times] (Duration: 12.4ms | Allocations: 3857)
  Rendered /home/sransonette/.rvm/gems/ruby-2.6.1/gems/actionpack-6.0.3.5/lib/action_dispatch/middleware/templates/routes/_table.html.erb (Duration: 34.3ms | Allocations: 1188)
  Rendered /home/sransonette/.rvm/gems/ruby-2.6.1/gems/railties-6.0.3.5/lib/rails/templates/rails/info/routes.html.erb within layouts/application (Duration: 73.6ms | Allocations: 7460)
Completed 200 OK in 131ms (Views: 106.7ms | ActiveRecord: 0.0ms | Allocations: 10179)


Started GET "/favicon.ico" for ::1 at 2021-02-16 15:37:23 -0600
  
ActionController::RoutingError (No route matches [GET] "/favicon.ico"):
  
actionpack (6.0.3.5) lib/action_dispatch/middleware/debug_exceptions.rb:36:in `call'
actionpack (6.0.3.5) lib/action_dispatch/middleware/show_exceptions.rb:33:in `call'
railties (6.0.3.5) lib/rails/rack/logger.rb:37:in `call_app'
railties (6.0.3.5) lib/rails/rack/logger.rb:26:in `block in call'
activesupport (6.0.3.5) lib/active_support/tagged_logging.rb:80:in `block in tagged'
activesupport (6.0.3.5) lib/active_support/tagged_logging.rb:28:in `tagged'
activesupport (6.0.3.5) lib/active_support/tagged_logging.rb:80:in `tagged'
railties (6.0.3.5) lib/rails/rack/logger.rb:26:in `call'
actionpack (6.0.3.5) lib/action_dispatch/middleware/remote_ip.rb:81:in `call'
actionpack (6.0.3.5) lib/action_dispatch/middleware/request_id.rb:27:in `call'
rack (2.2.3) lib/rack/runtime.rb:22:in `call'
activesupport (6.0.3.5) lib/active_support/cache/strategy/local_cache_middleware.rb:29:in `call'
actionpack (6.0.3.5) lib/action_dispatch/middleware/executor.rb:14:in `call'
actionpack (6.0.3.5) lib/action_dispatch/middleware/static.rb:126:in `call'
rack (2.2.3) lib/rack/sendfile.rb:110:in `call'
actionpack (6.0.3.5) lib/action_dispatch/middleware/host_authorization.rb:82:in `call'
rack-cors (1.1.1) lib/rack/cors.rb:100:in `call'
railties (6.0.3.5) lib/rails/engine.rb:527:in `call'
puma (4.3.7) lib/puma/configuration.rb:228:in `call'
puma (4.3.7) lib/puma/server.rb:713:in `handle_request'
puma (4.3.7) lib/puma/server.rb:472:in `process_client'
puma (4.3.7) lib/puma/server.rb:328:in `block in run'
puma (4.3.7) lib/puma/thread_pool.rb:134:in `block in spawn_thread'
  [1m[35m (0.6ms)[0m  [1m[34mSELECT sqlite_version(*)[0m
  [1m[35m (0.1ms)[0m  [1m[34mSELECT "schema_migrations"."version" FROM "schema_migrations" ORDER BY "schema_migrations"."version" ASC[0m
  [1m[35m (0.0ms)[0m  [1m[34mSELECT sqlite_version(*)[0m
  [1m[35m (0.0ms)[0m  [1m[36mbegin transaction[0m
  [1m[36mTrainer Create (1.0ms)[0m  [1m[32mINSERT INTO "trainers" ("name", "created_at", "updated_at") VALUES (?, ?, ?)[0m  [["name", "Sean"], ["created_at", "2021-02-16 22:23:56.267078"], ["updated_at", "2021-02-16 22:23:56.267078"]]
  [1m[35m (7.9ms)[0m  [1m[36mcommit transaction[0m
  [1m[35m (0.5ms)[0m  [1m[34mSELECT sqlite_version(*)[0m
  [1m[36mTrainer Load (0.1ms)[0m  [1m[34mSELECT "trainers".* FROM "trainers" LIMIT ?[0m  [["LIMIT", 11]]
  [1m[36mPokemon Load (0.1ms)[0m  [1m[34mSELECT "pokemons".* FROM "pokemons" LIMIT ?[0m  [["LIMIT", 11]]
  [1m[36mPokemon Load (0.1ms)[0m  [1m[34mSELECT "pokemons".* FROM "pokemons" LIMIT ?[0m  [["LIMIT", 11]]
  [1m[35m (0.5ms)[0m  [1m[34mSELECT sqlite_version(*)[0m
  [1m[35m (0.1ms)[0m  [1m[34mSELECT "schema_migrations"."version" FROM "schema_migrations" ORDER BY "schema_migrations"."version" ASC[0m
  [1m[35m (0.0ms)[0m  [1m[34mSELECT sqlite_version(*)[0m
  [1m[35m (0.0ms)[0m  [1m[36mbegin transaction[0m
  [1m[36mTrainer Create (0.8ms)[0m  [1m[32mINSERT INTO "trainers" ("name", "created_at", "updated_at") VALUES (?, ?, ?)[0m  [["name", "Sean"], ["created_at", "2021-02-16 22:25:32.605567"], ["updated_at", "2021-02-16 22:25:32.605567"]]
  [1m[35m (5.3ms)[0m  [1m[36mcommit transaction[0m
  [1m[35m (0.5ms)[0m  [1m[34mSELECT sqlite_version(*)[0m
  [1m[36mPokemon Load (0.1ms)[0m  [1m[34mSELECT "pokemons".* FROM "pokemons" LIMIT ?[0m  [["LIMIT", 11]]
  [1m[36mPokemon Load (0.2ms)[0m  [1m[34mSELECT "pokemons".* FROM "pokemons" LIMIT ?[0m  [["LIMIT", 11]]
  [1m[35m (0.4ms)[0m  [1m[34mSELECT sqlite_version(*)[0m
  [1m[35m (0.1ms)[0m  [1m[34mSELECT "schema_migrations"."version" FROM "schema_migrations" ORDER BY "schema_migrations"."version" ASC[0m
  [1m[35m (0.0ms)[0m  [1m[34mSELECT sqlite_version(*)[0m
  [1m[35m (0.0ms)[0m  [1m[36mbegin transaction[0m
  [1m[36mTrainer Create (1.1ms)[0m  [1m[32mINSERT INTO "trainers" ("name", "created_at", "updated_at") VALUES (?, ?, ?)[0m  [["name", "Sean"], ["created_at", "2021-02-16 22:30:40.112482"], ["updated_at", "2021-02-16 22:30:40.112482"]]
  [1m[35m (139.9ms)[0m  [1m[36mcommit transaction[0m
  [1m[35m (0.5ms)[0m  [1m[34mSELECT sqlite_version(*)[0m
  [1m[36mPokemon Load (0.1ms)[0m  [1m[34mSELECT "pokemons".* FROM "pokemons" LIMIT ?[0m  [["LIMIT", 11]]
  [1m[36mPokemon Load (0.1ms)[0m  [1m[34mSELECT "pokemons".* FROM "pokemons" LIMIT ?[0m  [["LIMIT", 11]]
  [1m[35m (0.4ms)[0m  [1m[34mSELECT sqlite_version(*)[0m
  [1m[35m (0.1ms)[0m  [1m[36mbegin transaction[0m
  [1m[36mTrainer Load (0.1ms)[0m  [1m[34mSELECT "trainers".* FROM "trainers" WHERE "trainers"."id" = ? LIMIT ?[0m  [["id", 1], ["LIMIT", 1]]
  [1m[36mPokemon Create (1.2ms)[0m  [1m[32mINSERT INTO "pokemons" ("species", "trainer_id", "created_at", "updated_at") VALUES (?, ?, ?, ?)[0m  [["species", "Pikachu"], ["trainer_id", 1], ["created_at", "2021-02-16 22:35:53.794109"], ["updated_at", "2021-02-16 22:35:53.794109"]]
  [1m[35m (9.5ms)[0m  [1m[36mcommit transaction[0m
  [1m[36mPokemon Load (0.2ms)[0m  [1m[34mSELECT "pokemons".* FROM "pokemons" LIMIT ?[0m  [["LIMIT", 11]]
  [1m[36mTrainer Load (0.1ms)[0m  [1m[34mSELECT "trainers".* FROM "trainers" WHERE "trainers"."id" = ? LIMIT ?[0m  [["id", 1], ["LIMIT", 1]]
  [1m[36mTrainer Load (0.1ms)[0m  [1m[34mSELECT "trainers".* FROM "trainers" WHERE "trainers"."id" = ? LIMIT ?[0m  [["id", 1], ["LIMIT", 1]]
  [1m[36mTrainer Load (0.1ms)[0m  [1m[34mSELECT "trainers".* FROM "trainers" WHERE "trainers"."id" = ? LIMIT ?[0m  [["id", 1], ["LIMIT", 1]]
  [1m[36mTrainer Load (0.1ms)[0m  [1m[34mSELECT "trainers".* FROM "trainers" WHERE "trainers"."id" = ? LIMIT ?[0m  [["id", 1], ["LIMIT", 1]]
  [1m[36mPokemon Load (0.2ms)[0m  [1m[34mSELECT "pokemons".* FROM "pokemons" WHERE "pokemons"."trainer_id" = ? LIMIT ?[0m  [["trainer_id", 1], ["LIMIT", 11]]
Started GET "/api/v1/pokemons" for ::1 at 2021-02-16 16:43:59 -0600
  [1m[35m (0.1ms)[0m  [1m[34mSELECT sqlite_version(*)[0m
Processing by Api::V1::PokemonsController#index as */*
  [1m[36mPokemon Load (0.2ms)[0m  [1m[34mSELECT "pokemons".* FROM "pokemons"[0m
  ↳ app/controllers/api/v1/pokemons_controller.rb:5:in `index'
Completed 200 OK in 12ms (Views: 4.9ms | ActiveRecord: 0.8ms | Allocations: 5643)


Started GET "/api/v1/pokemons" for ::1 at 2021-02-16 17:20:43 -0600
  [1m[35m (0.5ms)[0m  [1m[34mSELECT sqlite_version(*)[0m
  [1m[35m (0.2ms)[0m  [1m[34mSELECT "schema_migrations"."version" FROM "schema_migrations" ORDER BY "schema_migrations"."version" ASC[0m
Processing by Api::V1::PokemonsController#index as */*
  [1m[36mPokemon Load (0.1ms)[0m  [1m[34mSELECT "pokemons".* FROM "pokemons"[0m
  ↳ app/controllers/api/v1/pokemons_controller.rb:5:in `index'
Completed 200 OK in 11ms (Views: 4.7ms | ActiveRecord: 0.7ms | Allocations: 5597)


Started GET "/api/v1/pokemons" for ::1 at 2021-02-16 17:24:04 -0600
  [1m[35m (0.1ms)[0m  [1m[34mSELECT sqlite_version(*)[0m
Processing by Api::V1::PokemonsController#index as */*
  [1m[36mPokemon Load (0.3ms)[0m  [1m[34mSELECT "pokemons".* FROM "pokemons"[0m
  ↳ app/controllers/api/v1/pokemons_controller.rb:5:in `index'
Completed 200 OK in 18ms (Views: 5.4ms | ActiveRecord: 1.0ms | Allocations: 5071)


Started GET "/api/v1/pokemons" for ::1 at 2021-02-18 20:46:53 -0600
Started GET "/api/v1/pokemons" for ::1 at 2021-02-18 20:46:53 -0600
  [1m[35m (9.4ms)[0m  [1m[34mSELECT sqlite_version(*)[0m
  [1m[35m (0.0ms)[0m  [1m[34mSELECT sqlite_version(*)[0m
  [1m[35m (0.2ms)[0m  [1m[34mSELECT "schema_migrations"."version" FROM "schema_migrations" ORDER BY "schema_migrations"."version" ASC[0m
  [1m[35m (0.2ms)[0m  [1m[34mSELECT "schema_migrations"."version" FROM "schema_migrations" ORDER BY "schema_migrations"."version" ASC[0m
Processing by Api::V1::PokemonsController#index as */*
Processing by Api::V1::PokemonsController#index as */*
  [1m[36mPokemon Load (0.1ms)[0m  [1m[34mSELECT "pokemons".* FROM "pokemons"[0m
  ↳ app/controllers/api/v1/pokemons_controller.rb:5:in `index'
  [1m[36mPokemon Load (0.2ms)[0m  [1m[34mSELECT "pokemons".* FROM "pokemons"[0m
Completed 200 OK in 5ms (Views: 4.5ms | ActiveRecord: 0.6ms | Allocations: 4612)


  ↳ app/controllers/api/v1/pokemons_controller.rb:5:in `index'
Completed 200 OK in 47ms (Views: 7.2ms | ActiveRecord: 0.2ms | Allocations: 6698)


Started GET "/api/v1/trainers" for ::1 at 2021-02-18 20:47:06 -0600
Processing by Api::V1::TrainersController#index as HTML
  [1m[36mTrainer Load (0.5ms)[0m  [1m[34mSELECT "trainers".* FROM "trainers"[0m
  ↳ app/controllers/api/v1/trainers_controller.rb:5:in `index'
Completed 200 OK in 41ms (Views: 4.1ms | ActiveRecord: 0.9ms | Allocations: 4875)


Started GET "/favicon.ico" for ::1 at 2021-02-18 20:47:06 -0600
  
ActionController::RoutingError (No route matches [GET] "/favicon.ico"):
  
actionpack (6.0.3.5) lib/action_dispatch/middleware/debug_exceptions.rb:36:in `call'
actionpack (6.0.3.5) lib/action_dispatch/middleware/show_exceptions.rb:33:in `call'
railties (6.0.3.5) lib/rails/rack/logger.rb:37:in `call_app'
railties (6.0.3.5) lib/rails/rack/logger.rb:26:in `block in call'
activesupport (6.0.3.5) lib/active_support/tagged_logging.rb:80:in `block in tagged'
activesupport (6.0.3.5) lib/active_support/tagged_logging.rb:28:in `tagged'
activesupport (6.0.3.5) lib/active_support/tagged_logging.rb:80:in `tagged'
railties (6.0.3.5) lib/rails/rack/logger.rb:26:in `call'
actionpack (6.0.3.5) lib/action_dispatch/middleware/remote_ip.rb:81:in `call'
actionpack (6.0.3.5) lib/action_dispatch/middleware/request_id.rb:27:in `call'
rack (2.2.3) lib/rack/runtime.rb:22:in `call'
activesupport (6.0.3.5) lib/active_support/cache/strategy/local_cache_middleware.rb:29:in `call'
actionpack (6.0.3.5) lib/action_dispatch/middleware/executor.rb:14:in `call'
actionpack (6.0.3.5) lib/action_dispatch/middleware/static.rb:126:in `call'
rack (2.2.3) lib/rack/sendfile.rb:110:in `call'
actionpack (6.0.3.5) lib/action_dispatch/middleware/host_authorization.rb:82:in `call'
rack-cors (1.1.1) lib/rack/cors.rb:100:in `call'
railties (6.0.3.5) lib/rails/engine.rb:527:in `call'
puma (4.3.7) lib/puma/configuration.rb:228:in `call'
puma (4.3.7) lib/puma/server.rb:713:in `handle_request'
puma (4.3.7) lib/puma/server.rb:472:in `process_client'
puma (4.3.7) lib/puma/server.rb:328:in `block in run'
puma (4.3.7) lib/puma/thread_pool.rb:134:in `block in spawn_thread'
Started GET "/api/v1/pokemons" for ::1 at 2021-02-18 20:48:12 -0600
Processing by Api::V1::PokemonsController#index as HTML
  [1m[36mPokemon Load (0.1ms)[0m  [1m[34mSELECT "pokemons".* FROM "pokemons"[0m
  ↳ app/controllers/api/v1/pokemons_controller.rb:5:in `index'
Completed 200 OK in 1ms (Views: 1.0ms | ActiveRecord: 0.1ms | Allocations: 932)


Started GET "/api/v1/pokemons" for ::1 at 2021-02-18 22:03:09 -0600
  [1m[35m (0.1ms)[0m  [1m[34mSELECT sqlite_version(*)[0m
Processing by Api::V1::PokemonsController#index as */*
  [1m[36mPokemon Load (0.1ms)[0m  [1m[34mSELECT "pokemons".* FROM "pokemons"[0m
  ↳ app/controllers/api/v1/pokemons_controller.rb:5:in `index'
Completed 200 OK in 1ms (Views: 1.1ms | ActiveRecord: 0.1ms | Allocations: 947)


Started GET "/api/v1/pokemons" for ::1 at 2021-02-18 22:03:10 -0600
Processing by Api::V1::PokemonsController#index as */*
  [1m[36mPokemon Load (0.1ms)[0m  [1m[34mSELECT "pokemons".* FROM "pokemons"[0m
  ↳ app/controllers/api/v1/pokemons_controller.rb:5:in `index'
Completed 200 OK in 1ms (Views: 1.1ms | ActiveRecord: 0.1ms | Allocations: 918)


Started GET "/api/v1/pokemons" for ::1 at 2021-02-18 22:03:11 -0600
Processing by Api::V1::PokemonsController#index as */*
  [1m[36mPokemon Load (0.1ms)[0m  [1m[34mSELECT "pokemons".* FROM "pokemons"[0m
  ↳ app/controllers/api/v1/pokemons_controller.rb:5:in `index'
Completed 200 OK in 1ms (Views: 1.0ms | ActiveRecord: 0.1ms | Allocations: 918)


Started GET "/api/v1/pokemons" for ::1 at 2021-02-18 22:03:15 -0600
Processing by Api::V1::PokemonsController#index as */*
  [1m[36mPokemon Load (0.1ms)[0m  [1m[34mSELECT "pokemons".* FROM "pokemons"[0m
  ↳ app/controllers/api/v1/pokemons_controller.rb:5:in `index'
Completed 200 OK in 1ms (Views: 1.0ms | ActiveRecord: 0.1ms | Allocations: 918)


Started GET "/api/v1/pokemons" for ::1 at 2021-02-18 22:04:19 -0600
Processing by Api::V1::PokemonsController#index as */*
  [1m[36mPokemon Load (0.1ms)[0m  [1m[34mSELECT "pokemons".* FROM "pokemons"[0m
  ↳ app/controllers/api/v1/pokemons_controller.rb:5:in `index'
Completed 200 OK in 1ms (Views: 1.1ms | ActiveRecord: 0.1ms | Allocations: 918)


Started GET "/api/v1/pokemons" for ::1 at 2021-02-18 22:04:19 -0600
Processing by Api::V1::PokemonsController#index as */*
  [1m[36mPokemon Load (0.1ms)[0m  [1m[34mSELECT "pokemons".* FROM "pokemons"[0m
  ↳ app/controllers/api/v1/pokemons_controller.rb:5:in `index'
Completed 200 OK in 9ms (Views: 9.1ms | ActiveRecord: 0.1ms | Allocations: 921)


Started GET "/api/v1/pokemons" for ::1 at 2021-02-18 22:04:20 -0600
Processing by Api::V1::PokemonsController#index as */*
  [1m[36mPokemon Load (0.1ms)[0m  [1m[34mSELECT "pokemons".* FROM "pokemons"[0m
  ↳ app/controllers/api/v1/pokemons_controller.rb:5:in `index'
Completed 200 OK in 1ms (Views: 1.1ms | ActiveRecord: 0.1ms | Allocations: 918)


Started GET "/api/v1/pokemons" for ::1 at 2021-02-18 22:05:12 -0600
Processing by Api::V1::PokemonsController#index as */*
  [1m[36mPokemon Load (0.1ms)[0m  [1m[34mSELECT "pokemons".* FROM "pokemons"[0m
  ↳ app/controllers/api/v1/pokemons_controller.rb:5:in `index'
Completed 200 OK in 2ms (Views: 1.3ms | ActiveRecord: 0.1ms | Allocations: 918)


Started GET "/api/v1/pokemons" for ::1 at 2021-02-18 22:05:19 -0600
Processing by Api::V1::PokemonsController#index as */*
  [1m[36mPokemon Load (0.1ms)[0m  [1m[34mSELECT "pokemons".* FROM "pokemons"[0m
  ↳ app/controllers/api/v1/pokemons_controller.rb:5:in `index'
Completed 200 OK in 1ms (Views: 0.9ms | ActiveRecord: 0.1ms | Allocations: 918)


Started GET "/api/v1/pokemons" for ::1 at 2021-02-18 22:06:00 -0600
Processing by Api::V1::PokemonsController#index as */*
  [1m[36mPokemon Load (0.1ms)[0m  [1m[34mSELECT "pokemons".* FROM "pokemons"[0m
  ↳ app/controllers/api/v1/pokemons_controller.rb:5:in `index'
Completed 200 OK in 1ms (Views: 0.8ms | ActiveRecord: 0.1ms | Allocations: 918)


Started GET "/api/v1/pokemons" for ::1 at 2021-02-18 22:07:26 -0600
Processing by Api::V1::PokemonsController#index as */*
  [1m[36mPokemon Load (0.1ms)[0m  [1m[34mSELECT "pokemons".* FROM "pokemons"[0m
  ↳ app/controllers/api/v1/pokemons_controller.rb:5:in `index'
Completed 200 OK in 1ms (Views: 0.9ms | ActiveRecord: 0.1ms | Allocations: 918)


Started POST "/api/v1/trainers" for ::1 at 2021-02-18 22:15:27 -0600
  [1m[35m (0.1ms)[0m  [1m[34mSELECT sqlite_version(*)[0m
Processing by Api::V1::TrainersController#create as JSON
  Parameters: {"trainer"=>{"name"=>"Sean"}}
  [1m[36mTrainer Load (0.2ms)[0m  [1m[34mSELECT "trainers".* FROM "trainers" WHERE "trainers"."name" = ? LIMIT ?[0m  [["name", "Sean"], ["LIMIT", 1]]
  ↳ app/controllers/api/v1/trainers_controller.rb:9:in `create'
  [1m[36mCACHE Trainer Load (0.0ms)[0m  [1m[34mSELECT "trainers".* FROM "trainers" WHERE "trainers"."name" = ? LIMIT ?[0m  [["name", "Sean"], ["LIMIT", 1]]
  ↳ app/controllers/api/v1/trainers_controller.rb:10:in `create'
Redirected to http://localhost:3000/api/v1/trainers/trainer/1
Completed 302 Found in 28ms (ActiveRecord: 0.2ms | Allocations: 2898)


Started GET "/api/v1/trainers/trainer/1" for ::1 at 2021-02-18 22:15:27 -0600
  
ActionController::RoutingError (No route matches [GET] "/api/v1/trainers/trainer/1"):
  
actionpack (6.0.3.5) lib/action_dispatch/middleware/debug_exceptions.rb:36:in `call'
actionpack (6.0.3.5) lib/action_dispatch/middleware/show_exceptions.rb:33:in `call'
railties (6.0.3.5) lib/rails/rack/logger.rb:37:in `call_app'
railties (6.0.3.5) lib/rails/rack/logger.rb:26:in `block in call'
activesupport (6.0.3.5) lib/active_support/tagged_logging.rb:80:in `block in tagged'
activesupport (6.0.3.5) lib/active_support/tagged_logging.rb:28:in `tagged'
activesupport (6.0.3.5) lib/active_support/tagged_logging.rb:80:in `tagged'
railties (6.0.3.5) lib/rails/rack/logger.rb:26:in `call'
actionpack (6.0.3.5) lib/action_dispatch/middleware/remote_ip.rb:81:in `call'
actionpack (6.0.3.5) lib/action_dispatch/middleware/request_id.rb:27:in `call'
rack (2.2.3) lib/rack/runtime.rb:22:in `call'
activesupport (6.0.3.5) lib/active_support/cache/strategy/local_cache_middleware.rb:29:in `call'
actionpack (6.0.3.5) lib/action_dispatch/middleware/executor.rb:14:in `call'
actionpack (6.0.3.5) lib/action_dispatch/middleware/static.rb:126:in `call'
rack (2.2.3) lib/rack/sendfile.rb:110:in `call'
actionpack (6.0.3.5) lib/action_dispatch/middleware/host_authorization.rb:82:in `call'
rack-cors (1.1.1) lib/rack/cors.rb:100:in `call'
railties (6.0.3.5) lib/rails/engine.rb:527:in `call'
puma (4.3.7) lib/puma/configuration.rb:228:in `call'
puma (4.3.7) lib/puma/server.rb:713:in `handle_request'
puma (4.3.7) lib/puma/server.rb:472:in `process_client'
puma (4.3.7) lib/puma/server.rb:328:in `block in run'
puma (4.3.7) lib/puma/thread_pool.rb:134:in `block in spawn_thread'
Started POST "/api/v1/trainers" for ::1 at 2021-02-18 22:16:32 -0600
  [1m[35m (0.0ms)[0m  [1m[34mSELECT sqlite_version(*)[0m
Processing by Api::V1::TrainersController#create as JSON
  Parameters: {"trainer"=>{"name"=>"Sean"}}
  [1m[36mTrainer Load (0.1ms)[0m  [1m[34mSELECT "trainers".* FROM "trainers" WHERE "trainers"."name" = ? LIMIT ?[0m  [["name", "Sean"], ["LIMIT", 1]]
  ↳ app/controllers/api/v1/trainers_controller.rb:9:in `create'
  [1m[36mCACHE Trainer Load (0.0ms)[0m  [1m[34mSELECT "trainers".* FROM "trainers" WHERE "trainers"."name" = ? LIMIT ?[0m  [["name", "Sean"], ["LIMIT", 1]]
  ↳ app/controllers/api/v1/trainers_controller.rb:10:in `create'
Redirected to http://localhost:3000/api/v1/trainers/1
Completed 302 Found in 5ms (ActiveRecord: 0.7ms | Allocations: 4164)


Started GET "/api/v1/trainers/1" for ::1 at 2021-02-18 22:16:32 -0600
Processing by Api::V1::TrainersController#show as JSON
  Parameters: {"id"=>"1", "trainer"=>{}}
  [1m[36mTrainer Load (0.1ms)[0m  [1m[34mSELECT "trainers".* FROM "trainers" WHERE "trainers"."id" = ? LIMIT ?[0m  [["id", 1], ["LIMIT", 1]]
  ↳ app/controllers/api/v1/trainers_controller.rb:20:in `show'
Completed 200 OK in 2ms (Views: 0.2ms | ActiveRecord: 0.1ms | Allocations: 847)


Started POST "/api/v1/trainers" for ::1 at 2021-02-18 22:17:44 -0600
Processing by Api::V1::TrainersController#create as JSON
  Parameters: {"trainer"=>{"name"=>"Sean"}}
  [1m[36mTrainer Load (0.1ms)[0m  [1m[34mSELECT "trainers".* FROM "trainers" WHERE "trainers"."name" = ? LIMIT ?[0m  [["name", "Sean"], ["LIMIT", 1]]
  ↳ app/controllers/api/v1/trainers_controller.rb:9:in `create'
  [1m[36mCACHE Trainer Load (0.0ms)[0m  [1m[34mSELECT "trainers".* FROM "trainers" WHERE "trainers"."name" = ? LIMIT ?[0m  [["name", "Sean"], ["LIMIT", 1]]
  ↳ app/controllers/api/v1/trainers_controller.rb:10:in `create'
Redirected to http://localhost:3000/api/v1/trainers/1
Completed 302 Found in 1ms (ActiveRecord: 0.1ms | Allocations: 1132)


Started GET "/api/v1/trainers/1" for ::1 at 2021-02-18 22:17:44 -0600
Processing by Api::V1::TrainersController#show as JSON
  Parameters: {"id"=>"1", "trainer"=>{}}
  [1m[36mTrainer Load (0.1ms)[0m  [1m[34mSELECT "trainers".* FROM "trainers" WHERE "trainers"."id" = ? LIMIT ?[0m  [["id", 1], ["LIMIT", 1]]
  ↳ app/controllers/api/v1/trainers_controller.rb:20:in `show'
Completed 200 OK in 1ms (Views: 0.2ms | ActiveRecord: 0.1ms | Allocations: 712)


Started POST "/api/v1/trainers" for ::1 at 2021-02-18 22:18:21 -0600
Processing by Api::V1::TrainersController#create as JSON
  Parameters: {"trainer"=>{"name"=>"Sean"}}
  [1m[36mTrainer Load (0.1ms)[0m  [1m[34mSELECT "trainers".* FROM "trainers" WHERE "trainers"."name" = ? LIMIT ?[0m  [["name", "Sean"], ["LIMIT", 1]]
  ↳ app/controllers/api/v1/trainers_controller.rb:9:in `create'
  [1m[36mCACHE Trainer Load (0.0ms)[0m  [1m[34mSELECT "trainers".* FROM "trainers" WHERE "trainers"."name" = ? LIMIT ?[0m  [["name", "Sean"], ["LIMIT", 1]]
  ↳ app/controllers/api/v1/trainers_controller.rb:10:in `create'
Redirected to http://localhost:3000/api/v1/trainers/1
Completed 302 Found in 1ms (ActiveRecord: 0.1ms | Allocations: 1133)


Started GET "/api/v1/trainers/1" for ::1 at 2021-02-18 22:18:21 -0600
Processing by Api::V1::TrainersController#show as JSON
  Parameters: {"id"=>"1", "trainer"=>{}}
  [1m[36mTrainer Load (0.1ms)[0m  [1m[34mSELECT "trainers".* FROM "trainers" WHERE "trainers"."id" = ? LIMIT ?[0m  [["id", 1], ["LIMIT", 1]]
  ↳ app/controllers/api/v1/trainers_controller.rb:20:in `show'
Completed 200 OK in 1ms (Views: 0.2ms | ActiveRecord: 0.1ms | Allocations: 712)


Started POST "/api/v1/trainers" for ::1 at 2021-02-18 22:18:53 -0600
Processing by Api::V1::TrainersController#create as JSON
  Parameters: {"trainer"=>{"name"=>"Jake"}}
  [1m[36mTrainer Load (0.1ms)[0m  [1m[34mSELECT "trainers".* FROM "trainers" WHERE "trainers"."name" = ? LIMIT ?[0m  [["name", "Jake"], ["LIMIT", 1]]
  ↳ app/controllers/api/v1/trainers_controller.rb:9:in `create'
  [1m[35m (0.0ms)[0m  [1m[36mbegin transaction[0m
  ↳ app/controllers/api/v1/trainers_controller.rb:13:in `create'
  [1m[36mTrainer Create (2.4ms)[0m  [1m[32mINSERT INTO "trainers" ("name", "created_at", "updated_at") VALUES (?, ?, ?)[0m  [["name", "Jake"], ["created_at", "2021-02-19 04:18:53.276126"], ["updated_at", "2021-02-19 04:18:53.276126"]]
  ↳ app/controllers/api/v1/trainers_controller.rb:13:in `create'
  [1m[35m (6.5ms)[0m  [1m[36mcommit transaction[0m
  ↳ app/controllers/api/v1/trainers_controller.rb:13:in `create'
Completed 200 OK in 14ms (Views: 0.2ms | ActiveRecord: 9.0ms | Allocations: 4434)


Started POST "/api/v1/trainers" for ::1 at 2021-02-18 22:19:48 -0600
Processing by Api::V1::TrainersController#create as JSON
  Parameters: {"trainer"=>{"name"=>"Sean"}}
  [1m[36mTrainer Load (0.1ms)[0m  [1m[34mSELECT "trainers".* FROM "trainers" WHERE "trainers"."name" = ? LIMIT ?[0m  [["name", "Sean"], ["LIMIT", 1]]
  ↳ app/controllers/api/v1/trainers_controller.rb:9:in `create'
  [1m[36mCACHE Trainer Load (0.0ms)[0m  [1m[34mSELECT "trainers".* FROM "trainers" WHERE "trainers"."name" = ? LIMIT ?[0m  [["name", "Sean"], ["LIMIT", 1]]
  ↳ app/controllers/api/v1/trainers_controller.rb:10:in `create'
Redirected to http://localhost:3000/api/v1/trainers/1
Completed 302 Found in 1ms (ActiveRecord: 0.1ms | Allocations: 1132)


Started GET "/api/v1/trainers/1" for ::1 at 2021-02-18 22:19:48 -0600
Processing by Api::V1::TrainersController#show as JSON
  Parameters: {"id"=>"1", "trainer"=>{}}
  [1m[36mTrainer Load (0.1ms)[0m  [1m[34mSELECT "trainers".* FROM "trainers" WHERE "trainers"."id" = ? LIMIT ?[0m  [["id", 1], ["LIMIT", 1]]
  ↳ app/controllers/api/v1/trainers_controller.rb:20:in `show'
Completed 200 OK in 1ms (Views: 0.2ms | ActiveRecord: 0.1ms | Allocations: 712)


Started POST "/api/v1/trainers" for ::1 at 2021-02-18 22:19:54 -0600
Processing by Api::V1::TrainersController#create as JSON
  Parameters: {"trainer"=>{"name"=>"Pikachu"}}
  [1m[36mTrainer Load (0.1ms)[0m  [1m[34mSELECT "trainers".* FROM "trainers" WHERE "trainers"."name" = ? LIMIT ?[0m  [["name", "Pikachu"], ["LIMIT", 1]]
  ↳ app/controllers/api/v1/trainers_controller.rb:9:in `create'
  [1m[35m (0.1ms)[0m  [1m[36mbegin transaction[0m
  ↳ app/controllers/api/v1/trainers_controller.rb:13:in `create'
  [1m[36mTrainer Create (0.7ms)[0m  [1m[32mINSERT INTO "trainers" ("name", "created_at", "updated_at") VALUES (?, ?, ?)[0m  [["name", "Pikachu"], ["created_at", "2021-02-19 04:19:54.498089"], ["updated_at", "2021-02-19 04:19:54.498089"]]
  ↳ app/controllers/api/v1/trainers_controller.rb:13:in `create'
  [1m[35m (6.7ms)[0m  [1m[36mcommit transaction[0m
  ↳ app/controllers/api/v1/trainers_controller.rb:13:in `create'
Completed 200 OK in 12ms (Views: 0.2ms | ActiveRecord: 7.5ms | Allocations: 3770)


